<?xml version="1.0" encoding="UTF-8"?>
<testng-results ignored="0" total="1" passed="1" failed="0" skipped="0">
  <reporter-output>
  </reporter-output>
  <suite started-at="2024-03-03T20:46:26 IST" name="Default suite" finished-at="2024-03-03T20:48:24 IST" duration-ms="117709">
    <groups>
    </groups>
    <test started-at="2024-03-03T20:46:26 IST" name="Default test" finished-at="2024-03-03T20:48:24 IST" duration-ms="117709">
      <class name="com.Entrata.Sample">
        <test-method signature="endToEndTest()[pri:0, instance:com.Entrata.Sample@6d025197]" started-at="2024-03-03T20:46:27 IST" name="endToEndTest" finished-at="2024-03-03T20:48:22 IST" duration-ms="115210" status="PASS">
          <reporter-output>
          </reporter-output>
        </test-method> <!-- endToEndTest -->
      </class> <!-- com.Entrata.Sample -->
    </test> <!-- Default test -->
  </suite> <!-- Default suite -->
</testng-results>
